<?xml version="1.0" encoding="UTF-8"?>
<testng-results skipped="0" failed="0" total="1" passed="1">
  <reporter-output>
  </reporter-output>
  <suite name="Default suite" duration-ms="33188" started-at="2017-01-25T09:28:24Z" finished-at="2017-01-25T09:28:57Z">
    <groups>
    </groups>
    <test name="Default test" duration-ms="33188" started-at="2017-01-25T09:28:24Z" finished-at="2017-01-25T09:28:57Z">
      <class name="com.demostoreqa.FunctionalTests.DemoStoreQAFunctionalTest">
        <test-method status="PASS" signature="setUp()[pri:0, instance:com.demostoreqa.FunctionalTests.DemoStoreQAFunctionalTest@1e643faf]" name="setUp" is-config="true" duration-ms="10261" started-at="2017-01-25T14:58:24Z" finished-at="2017-01-25T14:58:34Z">
          <reporter-output>
          </reporter-output>
        </test-method> <!-- setUp -->
        <test-method status="PASS" signature="verifyUserIsAbleToPurchaseSingleProduct(java.lang.String, java.lang.String, java.lang.String, java.lang.String, java.lang.String, java.lang.String, java.lang.String, java.lang.String, java.lang.String, java.lang.String, java.lang.String)[pri:0, instance:com.demostoreqa.FunctionalTests.DemoStoreQAFunctionalTest@1e643faf]" name="verifyUserIsAbleToPurchaseSingleProduct" duration-ms="21669" started-at="2017-01-25T14:58:34Z" data-provider="UserAdress" finished-at="2017-01-25T14:58:56Z">
          <params>
            <param index="0">
              <value>
                <![CDATA[IN]]>
              </value>
            </param>
            <param index="1">
              <value>
                <![CDATA[Maharashtra]]>
              </value>
            </param>
            <param index="2">
              <value>
                <![CDATA[tushar.rajput9311gmail.com]]>
              </value>
            </param>
            <param index="3">
              <value>
                <![CDATA[Tushar]]>
              </value>
            </param>
            <param index="4">
              <value>
                <![CDATA[Rajput]]>
              </value>
            </param>
            <param index="5">
              <value>
                <![CDATA[201,SB Road]]>
              </value>
            </param>
            <param index="6">
              <value>
                <![CDATA[Pune]]>
              </value>
            </param>
            <param index="7">
              <value>
                <![CDATA[Maharashtra]]>
              </value>
            </param>
            <param index="8">
              <value>
                <![CDATA[IN]]>
              </value>
            </param>
            <param index="9">
              <value>
                <![CDATA[422006]]>
              </value>
            </param>
            <param index="10">
              <value>
                <![CDATA[9856784598]]>
              </value>
            </param>
          </params>
          <reporter-output>
          </reporter-output>
        </test-method> <!-- verifyUserIsAbleToPurchaseSingleProduct -->
        <test-method status="PASS" signature="tearDown()[pri:0, instance:com.demostoreqa.FunctionalTests.DemoStoreQAFunctionalTest@1e643faf]" name="tearDown" is-config="true" duration-ms="1225" started-at="2017-01-25T14:58:56Z" finished-at="2017-01-25T14:58:57Z">
          <reporter-output>
          </reporter-output>
        </test-method> <!-- tearDown -->
      </class> <!-- com.demostoreqa.FunctionalTests.DemoStoreQAFunctionalTest -->
    </test> <!-- Default test -->
  </suite> <!-- Default suite -->
</testng-results>
