<?xml version="1.0" encoding="UTF-8"?>
<testng-results skipped="0" failed="0" total="1" passed="1">
  <reporter-output>
  </reporter-output>
  <suite name="Default suite" duration-ms="102833" started-at="2017-01-30T13:28:58Z" finished-at="2017-01-30T13:30:41Z">
    <groups>
    </groups>
    <test name="Default test" duration-ms="102833" started-at="2017-01-30T13:28:58Z" finished-at="2017-01-30T13:30:41Z">
      <class name="com.demostoreqa.FunctionalTests.DemoStoreQAFunctionalTest">
        <test-method status="PASS" signature="setUp()[pri:0, instance:com.demostoreqa.FunctionalTests.DemoStoreQAFunctionalTest@1e643faf]" name="setUp" is-config="true" duration-ms="11721" started-at="2017-01-30T18:58:58Z" finished-at="2017-01-30T18:59:10Z">
          <reporter-output>
          </reporter-output>
        </test-method> <!-- setUp -->
        <test-method status="PASS" signature="verifyEachProductPriceAddedFromDiffCategories()[pri:0, instance:com.demostoreqa.FunctionalTests.DemoStoreQAFunctionalTest@1e643faf]" name="verifyEachProductPriceAddedFromDiffCategories" duration-ms="90194" started-at="2017-01-30T18:59:10Z" finished-at="2017-01-30T19:00:40Z">
          <reporter-output>
          </reporter-output>
        </test-method> <!-- verifyEachProductPriceAddedFromDiffCategories -->
        <test-method status="PASS" signature="tearDown()[pri:0, instance:com.demostoreqa.FunctionalTests.DemoStoreQAFunctionalTest@1e643faf]" name="tearDown" is-config="true" duration-ms="894" started-at="2017-01-30T19:00:40Z" finished-at="2017-01-30T19:00:41Z">
          <reporter-output>
          </reporter-output>
        </test-method> <!-- tearDown -->
      </class> <!-- com.demostoreqa.FunctionalTests.DemoStoreQAFunctionalTest -->
    </test> <!-- Default test -->
  </suite> <!-- Default suite -->
</testng-results>
